Using pre-set license
Built from '6000.0/staging' branch; Version is '6000.0.27f1 (27c554a2199c) revision 2606420'; Using compiler version '193933523'; Build Type 'Release'
OS: 'Windows 11  (10.0.22631) 64bit Core' Language: 'en' Physical Memory: 16310 MB
BatchMode: 1, IsHumanControllingUs: 0, StartBugReporterOnCrash: 0, Is64bit: 1, IsPro: 1

COMMAND LINE ARGUMENTS:
C:\Program Files\Unity\Hub\Editor\6000.0.27f1\Editor\Unity.exe
-adb2
-batchMode
-noUpm
-name
AssetImportWorker3
-projectPath
C:/Users/jaker/2DWave Game
-logFile
Logs/AssetImportWorker3.log
-srvPort
49712
-job-worker-count
5
-background-job-worker-count
8
-asset-garbage-collectors
1
Successfully changed project path to: C:/Users/jaker/2DWave Game
C:/Users/jaker/2DWave Game
[UnityMemory] Configuration Parameters - Can be set up in boot.config
    "memorysetup-bucket-allocator-granularity=16"
    "memorysetup-bucket-allocator-bucket-count=8"
    "memorysetup-bucket-allocator-block-size=33554432"
    "memorysetup-bucket-allocator-block-count=8"
    "memorysetup-main-allocator-block-size=16777216"
    "memorysetup-thread-allocator-block-size=16777216"
    "memorysetup-gfx-main-allocator-block-size=16777216"
    "memorysetup-gfx-thread-allocator-block-size=16777216"
    "memorysetup-cache-allocator-block-size=4194304"
    "memorysetup-typetree-allocator-block-size=2097152"
    "memorysetup-profiler-bucket-allocator-granularity=16"
    "memorysetup-profiler-bucket-allocator-bucket-count=8"
    "memorysetup-profiler-bucket-allocator-block-size=33554432"
    "memorysetup-profiler-bucket-allocator-block-count=8"
    "memorysetup-profiler-allocator-block-size=16777216"
    "memorysetup-profiler-editor-allocator-block-size=1048576"
    "memorysetup-temp-allocator-size-main=16777216"
    "memorysetup-job-temp-allocator-block-size=2097152"
    "memorysetup-job-temp-allocator-block-size-background=1048576"
    "memorysetup-job-temp-allocator-reduction-small-platforms=262144"
    "memorysetup-allocator-temp-initial-block-size-main=262144"
    "memorysetup-allocator-temp-initial-block-size-worker=262144"
    "memorysetup-temp-allocator-size-background-worker=32768"
    "memorysetup-temp-allocator-size-job-worker=262144"
    "memorysetup-temp-allocator-size-preload-manager=33554432"
    "memorysetup-temp-allocator-size-nav-mesh-worker=65536"
    "memorysetup-temp-allocator-size-audio-worker=65536"
    "memorysetup-temp-allocator-size-cloud-worker=32768"
    "memorysetup-temp-allocator-size-gi-baking-worker=262144"
    "memorysetup-temp-allocator-size-gi-baking-worker=262144"
    "memorysetup-temp-allocator-size-gi-baking-worker=262144"
    "memorysetup-temp-allocator-size-gi-baking-worker=262144"
    "memorysetup-temp-allocator-size-gi-baking-worker=262144"
    "memorysetup-temp-allocator-size-gfx=262144"
Player connection [32492]  Target information:

Player connection [32492]  * "[IP] 10.253.6.184 [Port] 0 [Flags] 2 [Guid] 1449782576 [EditorId] 1449782576 [Version] 1048832 [Id] WindowsEditor(7,DESKTOP-K7098FM) [Debug] 1 [PackageName] WindowsEditor [ProjectName] Editor" 

Player connection [32492] Host joined multi-casting on [225.0.0.222:54997]...
Player connection [32492] Host joined alternative multi-casting on [225.0.0.222:34997]...
JobSystem: Creating JobQueue using job-worker-count value 5
[Physics::Module] Initialized fallback backend.
[Physics::Module] Id: 0xdecafbad
Library Redirect Path: Library/
[Physics::Module] Selected backend.
[Physics::Module] Name: PhysX
[Physics::Module] Id: 0xf2b8ea05
[Physics::Module] SDK Version: 4.1.2
[Physics::Module] Integration Version: 1.0.0
[Physics::Module] Threading Mode: Multi-Threaded
Refreshing native plugins compatible for Editor in 7.30 ms, found 4 plugins.
Preloading 0 native plugins for Editor in 0.00 ms.
Initialize engine version: 6000.0.27f1 (27c554a2199c)
[Subsystems] Discovering subsystems at path C:/Program Files/Unity/Hub/Editor/6000.0.27f1/Editor/Data/Resources/UnitySubsystems
[Subsystems] Discovering subsystems at path C:/Users/jaker/2DWave Game/Assets
GfxDevice: creating device client; kGfxThreadingModeNonThreaded
Direct3D:
    Version:  Direct3D 11.0 [level 11.1]
    Renderer: NVIDIA GeForce RTX 3060 Ti (ID=0x2486)
    Vendor:   NVIDIA
    VRAM:     8024 MB
    Driver:   32.0.15.6094
Initialize mono
Mono path[0] = 'C:/Program Files/Unity/Hub/Editor/6000.0.27f1/Editor/Data/Managed'
Mono path[1] = 'C:/Program Files/Unity/Hub/Editor/6000.0.27f1/Editor/Data/MonoBleedingEdge/lib/mono/unityjit-win32'
Mono config path = 'C:/Program Files/Unity/Hub/Editor/6000.0.27f1/Editor/Data/MonoBleedingEdge/etc'
Using monoOptions --debugger-agent=transport=dt_socket,embedding=1,server=y,suspend=n,address=127.0.0.1:56628
Begin MonoManager ReloadAssembly
Registering precompiled unity dll's ...
Register platform support module: C:/Program Files/Unity/Hub/Editor/6000.0.27f1/Editor/Data/PlaybackEngines/WebGLSupport/UnityEditor.WebGL.Extensions.dll
Register platform support module: C:/Program Files/Unity/Hub/Editor/6000.0.27f1/Editor/Data/PlaybackEngines/WindowsStandaloneSupport/UnityEditor.WindowsStandalone.Extensions.dll
Registered in 0.006262 seconds.
- Loaded All Assemblies, in  0.547 seconds
Native extension for WindowsStandalone target not found
Native extension for WebGL target not found
Mono: successfully reloaded assembly
- Finished resetting the current domain, in  0.375 seconds
Domain Reload Profiling: 918ms
	BeginReloadAssembly (188ms)
		ExecutionOrderSort (0ms)
		DisableScriptedObjects (0ms)
		BackupInstance (0ms)
		ReleaseScriptingObjects (0ms)
		CreateAndSetChildDomain (1ms)
	RebuildCommonClasses (45ms)
	RebuildNativeTypeToScriptingClass (15ms)
	initialDomainReloadingComplete (64ms)
	LoadAllAssembliesAndSetupDomain (230ms)
		LoadAssemblies (183ms)
		RebuildTransferFunctionScriptingTraits (0ms)
		AnalyzeDomain (225ms)
			TypeCache.Refresh (223ms)
				TypeCache.ScanAssembly (207ms)
			BuildScriptInfoCaches (0ms)
			ResolveRequiredComponents (1ms)
	FinalizeReload (376ms)
		ReleaseScriptCaches (0ms)
		RebuildScriptCaches (0ms)
		SetupLoadedEditorAssemblies (322ms)
			LogAssemblyErrors (0ms)
			InitializePlatformSupportModulesInManaged (29ms)
			SetLoadedEditorAssemblies (5ms)
			BeforeProcessingInitializeOnLoad (6ms)
			ProcessInitializeOnLoadAttributes (206ms)
			ProcessInitializeOnLoadMethodAttributes (72ms)
			AfterProcessingInitializeOnLoad (4ms)
			EditorAssembliesLoaded (0ms)
		ExecutionOrderSort2 (0ms)
		AwakeInstancesAfterBackupRestoration (0ms)
========================================================================
Worker process is ready to serve import requests
Import Worker Mode flag is 0x00
Begin MonoManager ReloadAssembly
- Loaded All Assemblies, in  1.519 seconds
Refreshing native plugins compatible for Editor in 1.85 ms, found 4 plugins.
Native extension for WindowsStandalone target not found
Native extension for WebGL target not found
Mono: successfully reloaded assembly
- Finished resetting the current domain, in  1.274 seconds
Domain Reload Profiling: 2783ms
	BeginReloadAssembly (633ms)
		ExecutionOrderSort (0ms)
		DisableScriptedObjects (7ms)
		BackupInstance (0ms)
		ReleaseScriptingObjects (0ms)
		CreateAndSetChildDomain (40ms)
	RebuildCommonClasses (41ms)
	RebuildNativeTypeToScriptingClass (15ms)
	initialDomainReloadingComplete (55ms)
	LoadAllAssembliesAndSetupDomain (765ms)
		LoadAssemblies (546ms)
		RebuildTransferFunctionScriptingTraits (0ms)
		AnalyzeDomain (346ms)
			TypeCache.Refresh (245ms)
				TypeCache.ScanAssembly (224ms)
			BuildScriptInfoCaches (85ms)
			ResolveRequiredComponents (14ms)
	FinalizeReload (1274ms)
		ReleaseScriptCaches (0ms)
		RebuildScriptCaches (0ms)
		SetupLoadedEditorAssemblies (969ms)
			LogAssemblyErrors (0ms)
			InitializePlatformSupportModulesInManaged (4ms)
			SetLoadedEditorAssemblies (3ms)
			BeforeProcessingInitializeOnLoad (86ms)
			ProcessInitializeOnLoadAttributes (728ms)
			ProcessInitializeOnLoadMethodAttributes (131ms)
			AfterProcessingInitializeOnLoad (17ms)
			EditorAssembliesLoaded (0ms)
		ExecutionOrderSort2 (0ms)
		AwakeInstancesAfterBackupRestoration (9ms)
Launched and connected shader compiler UnityShaderCompiler.exe after 0.02 seconds
Refreshing native plugins compatible for Editor in 2.17 ms, found 4 plugins.
Preloading 0 native plugins for Editor in 0.00 ms.
Unloading 206 Unused Serialized files (Serialized files now loaded: 0)
Unloading 6514 unused Assets / (4.1 MB). Loaded Objects now: 7292.
Memory consumption went from 199.4 MB to 195.3 MB.
Total: 13.276000 ms (FindLiveObjects: 0.799000 ms CreateObjectMapping: 0.867200 ms MarkObjects: 7.111900 ms  DeleteObjects: 4.495400 ms)

========================================================================
Received Import Request.
  Time since last request: 44822.842561 seconds.
  path: Assets/Top Down Adventure Assets/Visuals/OBJECTS/items/orb_yellow/orb-yellow6.png
  artifactKey: Guid(f8db20e0bd23944d3b0eca2a041df40f) Importer(2089858483,192608db42251d675da83286b1cce702)
Start importing Assets/Top Down Adventure Assets/Visuals/OBJECTS/items/orb_yellow/orb-yellow6.png using Guid(f8db20e0bd23944d3b0eca2a041df40f) Importer(2089858483,192608db42251d675da83286b1cce702) (ScriptedImporter) -> (artifact id: 'd98102f9bd46caedba2b307e67c3fc36') in 0.2531047 seconds
Number of updated asset objects reloaded before import = 0Number of asset objects unloaded after import = 3

========================================================================
Received Import Request.
  Time since last request: 0.000016 seconds.
  path: Assets/GROUND TILESETS RULE TILES/Ground Tiles V2/Rule Tiles/28-2.asset
  artifactKey: Guid(621aba5379d10fa4ca9686d02d2eb959) Importer(2089858483,192608db42251d675da83286b1cce702)
Start importing Assets/GROUND TILESETS RULE TILES/Ground Tiles V2/Rule Tiles/28-2.asset using Guid(621aba5379d10fa4ca9686d02d2eb959) Importer(2089858483,192608db42251d675da83286b1cce702) (ScriptedImporter) -> (artifact id: '57a19feb4b74d131cf472ce9b655fd13') in 0.0421047 seconds
Number of updated asset objects reloaded before import = 0Number of asset objects unloaded after import = 16

========================================================================
Received Import Request.
  Time since last request: 0.000026 seconds.
  path: Assets/Top Down Adventure Assets/Visuals/OBJECTS/items/pickaxe.png
  artifactKey: Guid(6906a607766924185976377b2a0f8166) Importer(2089858483,192608db42251d675da83286b1cce702)
Start importing Assets/Top Down Adventure Assets/Visuals/OBJECTS/items/pickaxe.png using Guid(6906a607766924185976377b2a0f8166) Importer(2089858483,192608db42251d675da83286b1cce702) (ScriptedImporter) -> (artifact id: '702757bcb61270058338c1af9c75e6ad') in 0.0259842 seconds
Number of updated asset objects reloaded before import = 0Number of asset objects unloaded after import = 3

========================================================================
Received Import Request.
  Time since last request: 0.000017 seconds.
  path: Assets/Top Down Adventure Assets/Visuals/ENVIRONMENT/sea/sea2.png
  artifactKey: Guid(dd564ae3b33bb46c9b5194948f9fb824) Importer(2089858483,192608db42251d675da83286b1cce702)
Start importing Assets/Top Down Adventure Assets/Visuals/ENVIRONMENT/sea/sea2.png using Guid(dd564ae3b33bb46c9b5194948f9fb824) Importer(2089858483,192608db42251d675da83286b1cce702) (ScriptedImporter) -> (artifact id: 'e17250d0b5aee4cda4da4589bd2ca6a6') in 0.0269449 seconds
Number of updated asset objects reloaded before import = 0Number of asset objects unloaded after import = 3

========================================================================
Received Import Request.
  Time since last request: 0.000018 seconds.
  path: Assets/Top Down Adventure Assets/Visuals/OBJECTS/items/orb-red/orb-red1.png
  artifactKey: Guid(d30789bef8a0147a3b079c22d7954344) Importer(2089858483,192608db42251d675da83286b1cce702)
Start importing Assets/Top Down Adventure Assets/Visuals/OBJECTS/items/orb-red/orb-red1.png using Guid(d30789bef8a0147a3b079c22d7954344) Importer(2089858483,192608db42251d675da83286b1cce702) (ScriptedImporter) -> (artifact id: '914080cfce91b21059271407070f3bc8') in 0.0247065 seconds
Number of updated asset objects reloaded before import = 0Number of asset objects unloaded after import = 3

========================================================================
Received Import Request.
  Time since last request: 0.000022 seconds.
  path: Assets/Top Down Adventure Assets/Visuals/OBJECTS/sprites/door-yellow.png
  artifactKey: Guid(0a57b9f95a3054578891b32d0e97e520) Importer(2089858483,192608db42251d675da83286b1cce702)
Start importing Assets/Top Down Adventure Assets/Visuals/OBJECTS/sprites/door-yellow.png using Guid(0a57b9f95a3054578891b32d0e97e520) Importer(2089858483,192608db42251d675da83286b1cce702) (ScriptedImporter) -> (artifact id: '89271719828619a4c1877fd8f2621062') in 0.0260805 seconds
Number of updated asset objects reloaded before import = 0Number of asset objects unloaded after import = 3

========================================================================
Received Import Request.
  Time since last request: 0.000016 seconds.
  path: Assets/Top Down Adventure Assets/Visuals/OBJECTS/items/orb_yellow/orb-yellow4.png
  artifactKey: Guid(aa9716c46c0184a56ad2226071d8a75b) Importer(2089858483,192608db42251d675da83286b1cce702)
Start importing Assets/Top Down Adventure Assets/Visuals/OBJECTS/items/orb_yellow/orb-yellow4.png using Guid(aa9716c46c0184a56ad2226071d8a75b) Importer(2089858483,192608db42251d675da83286b1cce702) (ScriptedImporter) -> (artifact id: 'd964141cf9984528db378de95fbba540') in 0.0325236 seconds
Number of updated asset objects reloaded before import = 0Number of asset objects unloaded after import = 3

========================================================================
Received Import Request.
  Time since last request: 0.000027 seconds.
  path: Assets/GROUND TILESETS RULE TILES/Ground Tiles V2/Rule Tiles/40.asset
  artifactKey: Guid(2673f46b78c3eec48882efff21ac7fc1) Importer(2089858483,192608db42251d675da83286b1cce702)
Start importing Assets/GROUND TILESETS RULE TILES/Ground Tiles V2/Rule Tiles/40.asset using Guid(2673f46b78c3eec48882efff21ac7fc1) Importer(2089858483,192608db42251d675da83286b1cce702) (ScriptedImporter) -> (artifact id: '862d86b9ee572710a27f361ef0576373') in 0.0137596 seconds
Number of updated asset objects reloaded before import = 0Number of asset objects unloaded after import = 16

========================================================================
Received Import Request.
  Time since last request: 0.000019 seconds.
  path: Assets/GROUND TILESETS RULE TILES/Ground Tiles V2/Ground Sprites/44.png
  artifactKey: Guid(98ca0bcb4052b4d48b03948b2b1d781f) Importer(2089858483,192608db42251d675da83286b1cce702)
Start importing Assets/GROUND TILESETS RULE TILES/Ground Tiles V2/Ground Sprites/44.png using Guid(98ca0bcb4052b4d48b03948b2b1d781f) Importer(2089858483,192608db42251d675da83286b1cce702) (ScriptedImporter) -> (artifact id: 'f031eb69159cca276a9bfca24787a0bb') in 0.0769325 seconds
Number of updated asset objects reloaded before import = 0Number of asset objects unloaded after import = 17

========================================================================
Received Import Request.
  Time since last request: 0.000026 seconds.
  path: Assets/Top Down Adventure Assets/Visuals/CHARACTERS/npc/OldWoman/1.png
  artifactKey: Guid(4f4a24271d363431297b5790cddf88d7) Importer(2089858483,192608db42251d675da83286b1cce702)
Start importing Assets/Top Down Adventure Assets/Visuals/CHARACTERS/npc/OldWoman/1.png using Guid(4f4a24271d363431297b5790cddf88d7) Importer(2089858483,192608db42251d675da83286b1cce702) (ScriptedImporter) -> (artifact id: 'effe0e1d23cfa090d0324d2c461404f8') in 0.0254906 seconds
Number of updated asset objects reloaded before import = 0Number of asset objects unloaded after import = 3

========================================================================
Received Import Request.
  Time since last request: 0.000014 seconds.
  path: Assets/GROUND TILESETS RULE TILES/Ground Tiles V2/Ground Sprites/27-2.png
  artifactKey: Guid(5291cbb1b4ada4a4a950bdd5582a7243) Importer(2089858483,192608db42251d675da83286b1cce702)
Start importing Assets/GROUND TILESETS RULE TILES/Ground Tiles V2/Ground Sprites/27-2.png using Guid(5291cbb1b4ada4a4a950bdd5582a7243) Importer(2089858483,192608db42251d675da83286b1cce702) (ScriptedImporter) -> (artifact id: '943e396fb1de5ea26d3c8df1afd9cf83') in 0.0359473 seconds
Number of updated asset objects reloaded before import = 0Number of asset objects unloaded after import = 17

========================================================================
Received Import Request.
  Time since last request: 0.000015 seconds.
  path: Assets/GROUND TILESETS RULE TILES/Ground Tiles V2/Rule Tiles/27-3.asset
  artifactKey: Guid(a1dd0255b66e7c34e9b176e1b8ea596e) Importer(2089858483,192608db42251d675da83286b1cce702)
Start importing Assets/GROUND TILESETS RULE TILES/Ground Tiles V2/Rule Tiles/27-3.asset using Guid(a1dd0255b66e7c34e9b176e1b8ea596e) Importer(2089858483,192608db42251d675da83286b1cce702) (ScriptedImporter) -> (artifact id: '02c20c2911f331e5c17be2994d31a7a1') in 0.0146046 seconds
Number of updated asset objects reloaded before import = 0Number of asset objects unloaded after import = 16

========================================================================
Received Import Request.
  Time since last request: 0.000019 seconds.
  path: Assets/Top Down Adventure Assets/Visuals/ENVIRONMENT/sea/shore2.png
  artifactKey: Guid(21e1004862d0248d09d75a769d66f9b5) Importer(2089858483,192608db42251d675da83286b1cce702)
Start importing Assets/Top Down Adventure Assets/Visuals/ENVIRONMENT/sea/shore2.png using Guid(21e1004862d0248d09d75a769d66f9b5) Importer(2089858483,192608db42251d675da83286b1cce702) (ScriptedImporter) -> (artifact id: '7954967a4d9c5f9c723c4a12b0673860') in 0.0285497 seconds
Number of updated asset objects reloaded before import = 0Number of asset objects unloaded after import = 3

========================================================================
Received Import Request.
  Time since last request: 0.000015 seconds.
  path: Assets/Top Down Adventure Assets/Visuals/OBJECTS/items/bomb.png
  artifactKey: Guid(90a177c6fcc6045b3817e7b3d2b189f0) Importer(2089858483,192608db42251d675da83286b1cce702)
Start importing Assets/Top Down Adventure Assets/Visuals/OBJECTS/items/bomb.png using Guid(90a177c6fcc6045b3817e7b3d2b189f0) Importer(2089858483,192608db42251d675da83286b1cce702) (ScriptedImporter) -> (artifact id: '97430b96a83b957a2a58331377ff137d') in 0.0251783 seconds
Number of updated asset objects reloaded before import = 0Number of asset objects unloaded after import = 3

========================================================================
Received Import Request.
  Time since last request: 0.000026 seconds.
  path: Assets/GROUND TILESETS RULE TILES/Ground Tiles V2/Ground Sprites/27.png
  artifactKey: Guid(0a9aec62bd155834b8abfcfb37654935) Importer(2089858483,192608db42251d675da83286b1cce702)
Start importing Assets/GROUND TILESETS RULE TILES/Ground Tiles V2/Ground Sprites/27.png using Guid(0a9aec62bd155834b8abfcfb37654935) Importer(2089858483,192608db42251d675da83286b1cce702) (ScriptedImporter) -> (artifact id: '7922dc1e3e5270735d8ce081b9f4df51') in 0.0386341 seconds
Number of updated asset objects reloaded before import = 0Number of asset objects unloaded after import = 17

========================================================================
Received Import Request.
  Time since last request: 0.000017 seconds.
  path: Assets/Top Down Adventure Assets/Visuals/ENVIRONMENT/waterfall/1.png
  artifactKey: Guid(17c9beae7cdf54b60ac98cb4ccbb214d) Importer(2089858483,192608db42251d675da83286b1cce702)
Start importing Assets/Top Down Adventure Assets/Visuals/ENVIRONMENT/waterfall/1.png using Guid(17c9beae7cdf54b60ac98cb4ccbb214d) Importer(2089858483,192608db42251d675da83286b1cce702) (ScriptedImporter) -> (artifact id: 'fcaca36f630ae841514a1228c12e26e3') in 0.0338327 seconds
Number of updated asset objects reloaded before import = 0Number of asset objects unloaded after import = 3

========================================================================
Received Import Request.
  Time since last request: 0.000018 seconds.
  path: Assets/Top Down Adventure Assets/Visuals/OBJECTS/items/orb-green/orb-green11.png
  artifactKey: Guid(d5ca7f86c9aa245b290f63b7627c01a9) Importer(2089858483,192608db42251d675da83286b1cce702)
Start importing Assets/Top Down Adventure Assets/Visuals/OBJECTS/items/orb-green/orb-green11.png using Guid(d5ca7f86c9aa245b290f63b7627c01a9) Importer(2089858483,192608db42251d675da83286b1cce702) (ScriptedImporter) -> (artifact id: 'c5cec0edb9fc2cd18f3ac840d3981a44') in 0.0262025 seconds
Number of updated asset objects reloaded before import = 0Number of asset objects unloaded after import = 3

========================================================================
Received Import Request.
  Time since last request: 0.000016 seconds.
  path: Assets/GROUND TILESETS RULE TILES/Ground Tiles V2/Ground Sprites/40.png
  artifactKey: Guid(82119e6198d995f4195ba051d5c8c50d) Importer(2089858483,192608db42251d675da83286b1cce702)
Start importing Assets/GROUND TILESETS RULE TILES/Ground Tiles V2/Ground Sprites/40.png using Guid(82119e6198d995f4195ba051d5c8c50d) Importer(2089858483,192608db42251d675da83286b1cce702) (ScriptedImporter) -> (artifact id: '6df03adf6e9a83cfde0b333aad2b2f8b') in 0.0439443 seconds
Number of updated asset objects reloaded before import = 0Number of asset objects unloaded after import = 17

========================================================================
Received Import Request.
  Time since last request: 0.000031 seconds.
  path: Assets/GROUND TILESETS RULE TILES/Ground Tiles V2/Ground Sprites/28.png
  artifactKey: Guid(ae2e9bc2e6dfed540810c7dc40802a6f) Importer(2089858483,192608db42251d675da83286b1cce702)
Start importing Assets/GROUND TILESETS RULE TILES/Ground Tiles V2/Ground Sprites/28.png using Guid(ae2e9bc2e6dfed540810c7dc40802a6f) Importer(2089858483,192608db42251d675da83286b1cce702) (ScriptedImporter) -> (artifact id: 'a163ceffe41634295be41422467e185b') in 0.0510023 seconds
Number of updated asset objects reloaded before import = 0Number of asset objects unloaded after import = 17

========================================================================
Received Import Request.
  Time since last request: 0.000022 seconds.
  path: Assets/GROUND TILESETS RULE TILES/Ground Tiles V2/Rule Tiles/30.asset
  artifactKey: Guid(c8683ff9230519540aa491731b721eb4) Importer(2089858483,192608db42251d675da83286b1cce702)
Start importing Assets/GROUND TILESETS RULE TILES/Ground Tiles V2/Rule Tiles/30.asset using Guid(c8683ff9230519540aa491731b721eb4) Importer(2089858483,192608db42251d675da83286b1cce702) (ScriptedImporter) -> (artifact id: '1a9ccc48ad9d9083d0c298afe741c33d') in 0.0129431 seconds
Number of updated asset objects reloaded before import = 0Number of asset objects unloaded after import = 16

========================================================================
Received Import Request.
  Time since last request: 0.000015 seconds.
  path: Assets/Top Down Adventure Assets/Visuals/OBJECTS/items/orb-blue/orb-blue1.png
  artifactKey: Guid(03689c0f1f35b41c5bceb785885fe716) Importer(2089858483,192608db42251d675da83286b1cce702)
Start importing Assets/Top Down Adventure Assets/Visuals/OBJECTS/items/orb-blue/orb-blue1.png using Guid(03689c0f1f35b41c5bceb785885fe716) Importer(2089858483,192608db42251d675da83286b1cce702) (ScriptedImporter) -> (artifact id: 'a93a7823adb8a8387e9593043bd190a1') in 0.0278835 seconds
Number of updated asset objects reloaded before import = 0Number of asset objects unloaded after import = 3

========================================================================
Received Import Request.
  Time since last request: 0.000014 seconds.
  path: Assets/Top Down Adventure Assets/Visuals/ENVIRONMENT/sea/sea3.png
  artifactKey: Guid(0a6b211fa7f564124a73161b77f6ea89) Importer(2089858483,192608db42251d675da83286b1cce702)
Start importing Assets/Top Down Adventure Assets/Visuals/ENVIRONMENT/sea/sea3.png using Guid(0a6b211fa7f564124a73161b77f6ea89) Importer(2089858483,192608db42251d675da83286b1cce702) (ScriptedImporter) -> (artifact id: '92bf29decf76079bc68ad6430b8f90ec') in 0.0228429 seconds
Number of updated asset objects reloaded before import = 0Number of asset objects unloaded after import = 3

========================================================================
Received Import Request.
  Time since last request: 0.000013 seconds.
  path: Assets/Top Down Adventure Assets/Visuals/OBJECTS/button/button2.png
  artifactKey: Guid(47ba66966db814924a31c648ce90dfcf) Importer(2089858483,192608db42251d675da83286b1cce702)
Start importing Assets/Top Down Adventure Assets/Visuals/OBJECTS/button/button2.png using Guid(47ba66966db814924a31c648ce90dfcf) Importer(2089858483,192608db42251d675da83286b1cce702) (ScriptedImporter) -> (artifact id: '0fb9ce7cd1f04e5683cc7e08ae02b77e') in 0.0215218 seconds
Number of updated asset objects reloaded before import = 0Number of asset objects unloaded after import = 3

========================================================================
Received Import Request.
  Time since last request: 0.000022 seconds.
  path: Assets/GROUND TILESETS RULE TILES/Ground Tiles V2/Ground Sprites/43.png
  artifactKey: Guid(2ea07fd1b2e7e4f449241db792f0431a) Importer(2089858483,192608db42251d675da83286b1cce702)
Start importing Assets/GROUND TILESETS RULE TILES/Ground Tiles V2/Ground Sprites/43.png using Guid(2ea07fd1b2e7e4f449241db792f0431a) Importer(2089858483,192608db42251d675da83286b1cce702) (ScriptedImporter) -> (artifact id: 'ef23e036ed7d0a61f4bd61479067bf11') in 0.0371098 seconds
Number of updated asset objects reloaded before import = 0Number of asset objects unloaded after import = 17

========================================================================
Received Import Request.
  Time since last request: 0.000032 seconds.
  path: Assets/Top Down Adventure Assets/Visuals/CHARACTERS/player/hero4.png
  artifactKey: Guid(cb4963a6ba6b54620a996fd8cace9c00) Importer(2089858483,192608db42251d675da83286b1cce702)
Start importing Assets/Top Down Adventure Assets/Visuals/CHARACTERS/player/hero4.png using Guid(cb4963a6ba6b54620a996fd8cace9c00) Importer(2089858483,192608db42251d675da83286b1cce702) (ScriptedImporter) -> (artifact id: '91e596a97fee99361a04ffc7d94ff786') in 0.0250296 seconds
Number of updated asset objects reloaded before import = 0Number of asset objects unloaded after import = 3

========================================================================
Received Import Request.
  Time since last request: 0.000018 seconds.
  path: Assets/Top Down Adventure Assets/sounds/fx/shooter.wav
  artifactKey: Guid(5ac3bd930ca144afdb001d5452420c9f) Importer(2089858483,192608db42251d675da83286b1cce702)
Start importing Assets/Top Down Adventure Assets/sounds/fx/shooter.wav using Guid(5ac3bd930ca144afdb001d5452420c9f) Importer(2089858483,192608db42251d675da83286b1cce702) (ScriptedImporter) -> (artifact id: 'ca956c27e737a4e16100da9fd77a0101') in 0.0424042 seconds
Number of updated asset objects reloaded before import = 0Number of asset objects unloaded after import = 1

========================================================================
Received Import Request.
  Time since last request: 0.000018 seconds.
  path: Assets/Top Down Adventure Assets/Visuals/ENVIRONMENT/sunset.png
  artifactKey: Guid(6b5e1946610c0427daba78d1c127a071) Importer(2089858483,192608db42251d675da83286b1cce702)
Start importing Assets/Top Down Adventure Assets/Visuals/ENVIRONMENT/sunset.png using Guid(6b5e1946610c0427daba78d1c127a071) Importer(2089858483,192608db42251d675da83286b1cce702) (ScriptedImporter) -> (artifact id: '8ed73abbad99ab55e5d49d40d0916a3f') in 0.0260821 seconds
Number of updated asset objects reloaded before import = 0Number of asset objects unloaded after import = 3

Editor requested this worker to shutdown with reason: Scaling down because of idle timeout
AssetImportWorker is now disconnected from the server
Process exiting
Exiting without the bug reporter. Application will terminate with return code 0